2024-10-06 22:27:22.238 [main] INFO  c.grainacademy.backend.eduservice.EduApplication - Starting EduApplication using Java 19.0.1 with PID 30080 (B:\Side Project\Grain-Academy\backend\services\service_edu\target\classes started by Zejia Cai in B:\Side Project\Grain-Academy\backend)
2024-10-06 22:27:22.241 [main] INFO  c.grainacademy.backend.eduservice.EduApplication - The following 1 profile is active: "dev"
2024-10-06 22:27:23.433 [main] INFO  o.s.boot.web.embedded.tomcat.TomcatWebServer - Tomcat initialized with port 8001 (http)
2024-10-06 22:27:23.444 [main] INFO  org.apache.coyote.http11.Http11NioProtocol - Initializing ProtocolHandler ["http-nio-8001"]
2024-10-06 22:27:23.448 [main] INFO  org.apache.catalina.core.StandardService - Starting service [Tomcat]
2024-10-06 22:27:23.449 [main] INFO  org.apache.catalina.core.StandardEngine - Starting Servlet engine: [Apache Tomcat/10.1.30]
2024-10-06 22:27:23.506 [main] INFO  o.a.c.core.ContainerBase.[Tomcat].[localhost].[/] - Initializing Spring embedded WebApplicationContext
2024-10-06 22:27:23.506 [main] INFO  o.s.b.w.s.c.ServletWebServerApplicationContext - Root WebApplicationContext: initialization completed in 1215 ms
2024-10-06 22:27:24.758 [main] INFO  org.apache.coyote.http11.Http11NioProtocol - Starting ProtocolHandler ["http-nio-8001"]
2024-10-06 22:27:24.772 [main] INFO  o.s.boot.web.embedded.tomcat.TomcatWebServer - Tomcat started on port 8001 (http) with context path ''
2024-10-06 22:27:24.780 [main] INFO  c.grainacademy.backend.eduservice.EduApplication - Started EduApplication in 3.039 seconds (process running for 4.018)
2024-10-06 23:34:14.241 [http-nio-8001-exec-1] INFO  o.a.c.core.ContainerBase.[Tomcat].[localhost].[/] - Initializing Spring DispatcherServlet 'dispatcherServlet'
2024-10-06 23:34:14.242 [http-nio-8001-exec-1] INFO  org.springframework.web.servlet.DispatcherServlet - Initializing Servlet 'dispatcherServlet'
2024-10-06 23:34:14.243 [http-nio-8001-exec-1] INFO  org.springframework.web.servlet.DispatcherServlet - Completed initialization in 1 ms
2024-10-06 23:34:14.670 [http-nio-8001-exec-5] INFO  org.springdoc.api.AbstractOpenApiResource - Init duration for springdoc-openapi is: 161 ms
2024-10-06 23:36:55.310 [main] INFO  c.grainacademy.backend.eduservice.EduApplication - Starting EduApplication using Java 19.0.1 with PID 34380 (B:\Side Project\Grain-Academy\backend\services\service_edu\target\classes started by Zejia Cai in B:\Side Project\Grain-Academy\backend)
2024-10-06 23:36:55.312 [main] INFO  c.grainacademy.backend.eduservice.EduApplication - The following 1 profile is active: "dev"
2024-10-06 23:36:56.064 [main] INFO  o.s.boot.web.embedded.tomcat.TomcatWebServer - Tomcat initialized with port 8001 (http)
2024-10-06 23:36:56.070 [main] INFO  org.apache.coyote.http11.Http11NioProtocol - Initializing ProtocolHandler ["http-nio-8001"]
2024-10-06 23:36:56.072 [main] INFO  org.apache.catalina.core.StandardService - Starting service [Tomcat]
2024-10-06 23:36:56.073 [main] INFO  org.apache.catalina.core.StandardEngine - Starting Servlet engine: [Apache Tomcat/10.1.30]
2024-10-06 23:36:56.109 [main] INFO  o.a.c.core.ContainerBase.[Tomcat].[localhost].[/] - Initializing Spring embedded WebApplicationContext
2024-10-06 23:36:56.110 [main] INFO  o.s.b.w.s.c.ServletWebServerApplicationContext - Root WebApplicationContext: initialization completed in 765 ms
2024-10-06 23:36:57.014 [main] INFO  org.apache.coyote.http11.Http11NioProtocol - Starting ProtocolHandler ["http-nio-8001"]
2024-10-06 23:36:57.024 [main] INFO  o.s.boot.web.embedded.tomcat.TomcatWebServer - Tomcat started on port 8001 (http) with context path ''
2024-10-06 23:36:57.030 [main] INFO  c.grainacademy.backend.eduservice.EduApplication - Started EduApplication in 2.061 seconds (process running for 2.431)
2024-10-06 23:37:41.385 [http-nio-8001-exec-1] INFO  o.a.c.core.ContainerBase.[Tomcat].[localhost].[/] - Initializing Spring DispatcherServlet 'dispatcherServlet'
2024-10-06 23:37:41.385 [http-nio-8001-exec-1] INFO  org.springframework.web.servlet.DispatcherServlet - Initializing Servlet 'dispatcherServlet'
2024-10-06 23:37:41.386 [http-nio-8001-exec-1] INFO  org.springframework.web.servlet.DispatcherServlet - Completed initialization in 0 ms
2024-10-06 23:37:41.807 [http-nio-8001-exec-7] INFO  org.springdoc.api.AbstractOpenApiResource - Init duration for springdoc-openapi is: 138 ms
2024-10-06 23:37:51.802 [http-nio-8001-exec-5] INFO  com.zaxxer.hikari.HikariDataSource - HikariPool-1 - Starting...
2024-10-06 23:37:52.083 [http-nio-8001-exec-5] INFO  com.zaxxer.hikari.pool.HikariPool - HikariPool-1 - Added connection com.mysql.cj.jdbc.ConnectionImpl@1b76482a
2024-10-06 23:37:52.084 [http-nio-8001-exec-5] INFO  com.zaxxer.hikari.HikariDataSource - HikariPool-1 - Start completed.
2024-10-06 23:43:39.418 [SpringApplicationShutdownHook] INFO  com.zaxxer.hikari.HikariDataSource - HikariPool-1 - Shutdown initiated...
2024-10-06 23:43:39.434 [SpringApplicationShutdownHook] INFO  com.zaxxer.hikari.HikariDataSource - HikariPool-1 - Shutdown completed.
2024-10-06 23:43:45.214 [main] INFO  c.grainacademy.backend.eduservice.EduApplication - Starting EduApplication using Java 19.0.1 with PID 37252 (B:\Side Project\Grain-Academy\backend\services\service_edu\target\classes started by Zejia Cai in B:\Side Project\Grain-Academy\backend)
2024-10-06 23:43:45.216 [main] INFO  c.grainacademy.backend.eduservice.EduApplication - The following 1 profile is active: "dev"
2024-10-06 23:43:45.962 [main] INFO  o.s.boot.web.embedded.tomcat.TomcatWebServer - Tomcat initialized with port 8001 (http)
2024-10-06 23:43:45.969 [main] INFO  org.apache.coyote.http11.Http11NioProtocol - Initializing ProtocolHandler ["http-nio-8001"]
2024-10-06 23:43:45.971 [main] INFO  org.apache.catalina.core.StandardService - Starting service [Tomcat]
2024-10-06 23:43:45.971 [main] INFO  org.apache.catalina.core.StandardEngine - Starting Servlet engine: [Apache Tomcat/10.1.30]
2024-10-06 23:43:46.009 [main] INFO  o.a.c.core.ContainerBase.[Tomcat].[localhost].[/] - Initializing Spring embedded WebApplicationContext
2024-10-06 23:43:46.009 [main] INFO  o.s.b.w.s.c.ServletWebServerApplicationContext - Root WebApplicationContext: initialization completed in 760 ms
2024-10-06 23:43:46.906 [main] INFO  org.apache.coyote.http11.Http11NioProtocol - Starting ProtocolHandler ["http-nio-8001"]
2024-10-06 23:43:46.916 [main] INFO  o.s.boot.web.embedded.tomcat.TomcatWebServer - Tomcat started on port 8001 (http) with context path ''
2024-10-06 23:43:46.922 [main] INFO  c.grainacademy.backend.eduservice.EduApplication - Started EduApplication in 2.035 seconds (process running for 2.395)
2024-10-06 23:43:51.788 [http-nio-8001-exec-1] INFO  o.a.c.core.ContainerBase.[Tomcat].[localhost].[/] - Initializing Spring DispatcherServlet 'dispatcherServlet'
2024-10-06 23:43:51.788 [http-nio-8001-exec-1] INFO  org.springframework.web.servlet.DispatcherServlet - Initializing Servlet 'dispatcherServlet'
2024-10-06 23:43:51.789 [http-nio-8001-exec-1] INFO  org.springframework.web.servlet.DispatcherServlet - Completed initialization in 1 ms
2024-10-06 23:43:52.102 [http-nio-8001-exec-7] INFO  org.springdoc.api.AbstractOpenApiResource - Init duration for springdoc-openapi is: 146 ms
2024-10-06 23:43:57.776 [http-nio-8001-exec-4] INFO  com.zaxxer.hikari.HikariDataSource - HikariPool-1 - Starting...
2024-10-06 23:43:57.946 [http-nio-8001-exec-4] INFO  com.zaxxer.hikari.pool.HikariPool - HikariPool-1 - Added connection com.mysql.cj.jdbc.ConnectionImpl@4310dcc6
2024-10-06 23:43:57.947 [http-nio-8001-exec-4] INFO  com.zaxxer.hikari.HikariDataSource - HikariPool-1 - Start completed.
2024-10-06 23:44:44.826 [SpringApplicationShutdownHook] INFO  com.zaxxer.hikari.HikariDataSource - HikariPool-1 - Shutdown initiated...
2024-10-06 23:44:44.830 [SpringApplicationShutdownHook] INFO  com.zaxxer.hikari.HikariDataSource - HikariPool-1 - Shutdown completed.
2024-10-06 23:45:09.466 [main] INFO  c.grainacademy.backend.eduservice.EduApplication - Starting EduApplication using Java 19.0.1 with PID 35508 (B:\Side Project\Grain-Academy\backend\services\service_edu\target\classes started by Zejia Cai in B:\Side Project\Grain-Academy\backend)
2024-10-06 23:45:09.468 [main] INFO  c.grainacademy.backend.eduservice.EduApplication - The following 1 profile is active: "dev"
2024-10-06 23:45:10.226 [main] INFO  o.s.boot.web.embedded.tomcat.TomcatWebServer - Tomcat initialized with port 8001 (http)
2024-10-06 23:45:10.233 [main] INFO  org.apache.coyote.http11.Http11NioProtocol - Initializing ProtocolHandler ["http-nio-8001"]
2024-10-06 23:45:10.235 [main] INFO  org.apache.catalina.core.StandardService - Starting service [Tomcat]
2024-10-06 23:45:10.236 [main] INFO  org.apache.catalina.core.StandardEngine - Starting Servlet engine: [Apache Tomcat/10.1.30]
2024-10-06 23:45:10.273 [main] INFO  o.a.c.core.ContainerBase.[Tomcat].[localhost].[/] - Initializing Spring embedded WebApplicationContext
2024-10-06 23:45:10.274 [main] INFO  o.s.b.w.s.c.ServletWebServerApplicationContext - Root WebApplicationContext: initialization completed in 770 ms
2024-10-06 23:45:11.209 [main] INFO  org.apache.coyote.http11.Http11NioProtocol - Starting ProtocolHandler ["http-nio-8001"]
2024-10-06 23:45:11.219 [main] INFO  o.s.boot.web.embedded.tomcat.TomcatWebServer - Tomcat started on port 8001 (http) with context path ''
2024-10-06 23:45:11.226 [main] INFO  c.grainacademy.backend.eduservice.EduApplication - Started EduApplication in 2.092 seconds (process running for 2.435)
2024-10-06 23:45:27.098 [http-nio-8001-exec-1] INFO  o.a.c.core.ContainerBase.[Tomcat].[localhost].[/] - Initializing Spring DispatcherServlet 'dispatcherServlet'
2024-10-06 23:45:27.098 [http-nio-8001-exec-1] INFO  org.springframework.web.servlet.DispatcherServlet - Initializing Servlet 'dispatcherServlet'
2024-10-06 23:45:27.099 [http-nio-8001-exec-1] INFO  org.springframework.web.servlet.DispatcherServlet - Completed initialization in 1 ms
2024-10-06 23:45:27.402 [http-nio-8001-exec-3] INFO  org.springdoc.api.AbstractOpenApiResource - Init duration for springdoc-openapi is: 152 ms
2024-10-06 23:45:34.311 [http-nio-8001-exec-9] INFO  com.zaxxer.hikari.HikariDataSource - HikariPool-1 - Starting...
2024-10-06 23:45:34.479 [http-nio-8001-exec-9] INFO  com.zaxxer.hikari.pool.HikariPool - HikariPool-1 - Added connection com.mysql.cj.jdbc.ConnectionImpl@412ebba7
2024-10-06 23:45:34.481 [http-nio-8001-exec-9] INFO  com.zaxxer.hikari.HikariDataSource - HikariPool-1 - Start completed.
