2024-10-23 09:07:44.157 [SpringApplicationShutdownHook] INFO  com.zaxxer.hikari.HikariDataSource - HikariPool-1 - Shutdown initiated...
2024-10-23 09:07:44.165 [SpringApplicationShutdownHook] INFO  com.zaxxer.hikari.HikariDataSource - HikariPool-1 - Shutdown completed.
2024-10-23 18:49:38.402 [main] INFO  c.grainacademy.backend.eduservice.EduApplication - Starting EduApplication using Java 19.0.1 with PID 23332 (B:\Side Project\Grain-Academy\backend\services\service_edu\target\classes started by Zejia Cai in B:\Side Project\Grain-Academy\backend)
2024-10-23 18:49:38.403 [main] INFO  c.grainacademy.backend.eduservice.EduApplication - The following 1 profile is active: "dev"
2024-10-23 18:49:39.356 [main] INFO  o.s.boot.web.embedded.tomcat.TomcatWebServer - Tomcat initialized with port 8001 (http)
2024-10-23 18:49:39.366 [main] INFO  org.apache.coyote.http11.Http11NioProtocol - Initializing ProtocolHandler ["http-nio-8001"]
2024-10-23 18:49:39.368 [main] INFO  org.apache.catalina.core.StandardService - Starting service [Tomcat]
2024-10-23 18:49:39.369 [main] INFO  org.apache.catalina.core.StandardEngine - Starting Servlet engine: [Apache Tomcat/10.1.30]
2024-10-23 18:49:39.421 [main] INFO  o.a.c.core.ContainerBase.[Tomcat].[localhost].[/] - Initializing Spring embedded WebApplicationContext
2024-10-23 18:49:39.421 [main] INFO  o.s.b.w.s.c.ServletWebServerApplicationContext - Root WebApplicationContext: initialization completed in 984 ms
2024-10-23 18:49:40.585 [main] INFO  org.apache.coyote.http11.Http11NioProtocol - Starting ProtocolHandler ["http-nio-8001"]
2024-10-23 18:49:40.596 [main] INFO  o.s.boot.web.embedded.tomcat.TomcatWebServer - Tomcat started on port 8001 (http) with context path ''
2024-10-23 18:49:40.603 [main] INFO  c.grainacademy.backend.eduservice.EduApplication - Started EduApplication in 2.587 seconds (process running for 5.342)
2024-10-23 18:54:11.979 [http-nio-8001-exec-1] INFO  o.a.c.core.ContainerBase.[Tomcat].[localhost].[/] - Initializing Spring DispatcherServlet 'dispatcherServlet'
2024-10-23 18:54:11.979 [http-nio-8001-exec-1] INFO  org.springframework.web.servlet.DispatcherServlet - Initializing Servlet 'dispatcherServlet'
2024-10-23 18:54:11.980 [http-nio-8001-exec-1] INFO  org.springframework.web.servlet.DispatcherServlet - Completed initialization in 1 ms
2024-10-23 18:54:14.781 [http-nio-8001-exec-5] INFO  com.zaxxer.hikari.HikariDataSource - HikariPool-1 - Starting...
2024-10-23 18:54:14.990 [http-nio-8001-exec-5] INFO  com.zaxxer.hikari.pool.HikariPool - HikariPool-1 - Added connection com.mysql.cj.jdbc.ConnectionImpl@75fc7a09
2024-10-23 18:54:15.000 [http-nio-8001-exec-5] INFO  com.zaxxer.hikari.HikariDataSource - HikariPool-1 - Start completed.
2024-10-23 19:36:17.701 [SpringApplicationShutdownHook] INFO  com.zaxxer.hikari.HikariDataSource - HikariPool-1 - Shutdown initiated...
2024-10-23 19:36:17.705 [SpringApplicationShutdownHook] INFO  com.zaxxer.hikari.HikariDataSource - HikariPool-1 - Shutdown completed.
2024-10-23 22:45:18.300 [main] INFO  c.grainacademy.backend.eduservice.EduApplication - Starting EduApplication using Java 19.0.1 with PID 7060 (B:\Side Project\Grain-Academy\backend\services\service_edu\target\classes started by Zejia Cai in B:\Side Project\Grain-Academy\backend)
2024-10-23 22:45:18.301 [main] INFO  c.grainacademy.backend.eduservice.EduApplication - The following 1 profile is active: "dev"
2024-10-23 22:45:19.227 [main] INFO  o.s.boot.web.embedded.tomcat.TomcatWebServer - Tomcat initialized with port 8001 (http)
2024-10-23 22:45:19.234 [main] INFO  org.apache.coyote.http11.Http11NioProtocol - Initializing ProtocolHandler ["http-nio-8001"]
2024-10-23 22:45:19.237 [main] INFO  org.apache.catalina.core.StandardService - Starting service [Tomcat]
2024-10-23 22:45:19.237 [main] INFO  org.apache.catalina.core.StandardEngine - Starting Servlet engine: [Apache Tomcat/10.1.30]
2024-10-23 22:45:19.276 [main] INFO  o.a.c.core.ContainerBase.[Tomcat].[localhost].[/] - Initializing Spring embedded WebApplicationContext
2024-10-23 22:45:19.276 [main] INFO  o.s.b.w.s.c.ServletWebServerApplicationContext - Root WebApplicationContext: initialization completed in 932 ms
2024-10-23 22:45:20.435 [main] INFO  org.apache.coyote.http11.Http11NioProtocol - Starting ProtocolHandler ["http-nio-8001"]
2024-10-23 22:45:20.447 [main] INFO  o.s.boot.web.embedded.tomcat.TomcatWebServer - Tomcat started on port 8001 (http) with context path ''
2024-10-23 22:45:20.452 [main] INFO  c.grainacademy.backend.eduservice.EduApplication - Started EduApplication in 2.578 seconds (process running for 5.671)
2024-10-23 22:45:43.341 [http-nio-8001-exec-1] INFO  o.a.c.core.ContainerBase.[Tomcat].[localhost].[/] - Initializing Spring DispatcherServlet 'dispatcherServlet'
2024-10-23 22:45:43.341 [http-nio-8001-exec-1] INFO  org.springframework.web.servlet.DispatcherServlet - Initializing Servlet 'dispatcherServlet'
2024-10-23 22:45:43.341 [http-nio-8001-exec-1] INFO  org.springframework.web.servlet.DispatcherServlet - Completed initialization in 0 ms
2024-10-23 22:45:46.563 [http-nio-8001-exec-4] INFO  com.zaxxer.hikari.HikariDataSource - HikariPool-1 - Starting...
2024-10-23 22:45:46.833 [http-nio-8001-exec-4] INFO  com.zaxxer.hikari.pool.HikariPool - HikariPool-1 - Added connection com.mysql.cj.jdbc.ConnectionImpl@4bc24f21
2024-10-23 22:45:46.834 [http-nio-8001-exec-4] INFO  com.zaxxer.hikari.HikariDataSource - HikariPool-1 - Start completed.
