2024-10-04 00:03:25.778 [http-nio-8001-exec-1] INFO  o.a.c.core.ContainerBase.[Tomcat].[localhost].[/] - Initializing Spring DispatcherServlet 'dispatcherServlet'
2024-10-04 00:03:25.780 [http-nio-8001-exec-1] INFO  org.springframework.web.servlet.DispatcherServlet - Initializing Servlet 'dispatcherServlet'
2024-10-04 00:03:25.781 [http-nio-8001-exec-1] INFO  org.springframework.web.servlet.DispatcherServlet - Completed initialization in 1 ms
2024-10-04 00:03:56.841 [http-nio-8001-exec-6] INFO  com.zaxxer.hikari.HikariDataSource - HikariPool-1 - Starting...
2024-10-04 00:03:57.013 [http-nio-8001-exec-6] INFO  com.zaxxer.hikari.pool.HikariPool - HikariPool-1 - Added connection com.mysql.cj.jdbc.ConnectionImpl@1eac6670
2024-10-04 00:03:57.014 [http-nio-8001-exec-6] INFO  com.zaxxer.hikari.HikariDataSource - HikariPool-1 - Start completed.
2024-10-04 09:20:40.547 [SpringApplicationShutdownHook] INFO  com.zaxxer.hikari.HikariDataSource - HikariPool-1 - Shutdown initiated...
2024-10-04 09:20:40.553 [SpringApplicationShutdownHook] INFO  com.zaxxer.hikari.HikariDataSource - HikariPool-1 - Shutdown completed.
2024-10-04 21:39:36.059 [main] INFO  c.grainacademy.backend.eduservice.EduApplication - Starting EduApplication using Java 19.0.1 with PID 21744 (B:\Side Project\Grain-Academy\backend\services\service_edu\target\classes started by Zejia Cai in B:\Side Project\Grain-Academy\backend)
2024-10-04 21:39:36.061 [main] INFO  c.grainacademy.backend.eduservice.EduApplication - The following 1 profile is active: "dev"
2024-10-04 21:39:36.963 [main] INFO  o.s.boot.web.embedded.tomcat.TomcatWebServer - Tomcat initialized with port 8001 (http)
2024-10-04 21:39:36.970 [main] INFO  org.apache.coyote.http11.Http11NioProtocol - Initializing ProtocolHandler ["http-nio-8001"]
2024-10-04 21:39:36.973 [main] INFO  org.apache.catalina.core.StandardService - Starting service [Tomcat]
2024-10-04 21:39:36.973 [main] INFO  org.apache.catalina.core.StandardEngine - Starting Servlet engine: [Apache Tomcat/10.1.30]
2024-10-04 21:39:37.008 [main] INFO  o.a.c.core.ContainerBase.[Tomcat].[localhost].[/] - Initializing Spring embedded WebApplicationContext
2024-10-04 21:39:37.009 [main] INFO  o.s.b.w.s.c.ServletWebServerApplicationContext - Root WebApplicationContext: initialization completed in 907 ms
2024-10-04 21:39:38.066 [main] INFO  org.apache.coyote.http11.Http11NioProtocol - Starting ProtocolHandler ["http-nio-8001"]
2024-10-04 21:39:38.077 [main] INFO  o.s.boot.web.embedded.tomcat.TomcatWebServer - Tomcat started on port 8001 (http) with context path ''
2024-10-04 21:39:38.083 [main] INFO  c.grainacademy.backend.eduservice.EduApplication - Started EduApplication in 2.454 seconds (process running for 4.008)
2024-10-04 21:42:38.434 [http-nio-8001-exec-1] INFO  o.a.c.core.ContainerBase.[Tomcat].[localhost].[/] - Initializing Spring DispatcherServlet 'dispatcherServlet'
2024-10-04 21:42:38.434 [http-nio-8001-exec-1] INFO  org.springframework.web.servlet.DispatcherServlet - Initializing Servlet 'dispatcherServlet'
2024-10-04 21:42:38.435 [http-nio-8001-exec-1] INFO  org.springframework.web.servlet.DispatcherServlet - Completed initialization in 1 ms
2024-10-04 21:42:40.712 [http-nio-8001-exec-6] INFO  com.zaxxer.hikari.HikariDataSource - HikariPool-1 - Starting...
2024-10-04 21:42:40.982 [http-nio-8001-exec-6] INFO  com.zaxxer.hikari.pool.HikariPool - HikariPool-1 - Added connection com.mysql.cj.jdbc.ConnectionImpl@60fcd6b7
2024-10-04 21:42:40.984 [http-nio-8001-exec-6] INFO  com.zaxxer.hikari.HikariDataSource - HikariPool-1 - Start completed.
2024-10-04 23:20:41.681 [SpringApplicationShutdownHook] INFO  com.zaxxer.hikari.HikariDataSource - HikariPool-1 - Shutdown initiated...
2024-10-04 23:20:41.683 [SpringApplicationShutdownHook] INFO  com.zaxxer.hikari.HikariDataSource - HikariPool-1 - Shutdown completed.
