2024-10-01 07:51:32.640 [main] INFO  c.grainacademy.backend.eduservice.EduApplication - Starting EduApplication using Java 19.0.1 with PID 26328 (B:\Side Project\Grain-Academy\backend\services\service_edu\target\classes started by Zejia Cai in B:\Side Project\Grain-Academy\backend)
2024-10-01 07:51:32.643 [main] INFO  c.grainacademy.backend.eduservice.EduApplication - The following 1 profile is active: "dev"
2024-10-01 07:51:33.655 [main] INFO  o.s.boot.web.embedded.tomcat.TomcatWebServer - Tomcat initialized with port 8001 (http)
2024-10-01 07:51:33.664 [main] INFO  org.apache.coyote.http11.Http11NioProtocol - Initializing ProtocolHandler ["http-nio-8001"]
2024-10-01 07:51:33.667 [main] INFO  org.apache.catalina.core.StandardService - Starting service [Tomcat]
2024-10-01 07:51:33.667 [main] INFO  org.apache.catalina.core.StandardEngine - Starting Servlet engine: [Apache Tomcat/10.1.30]
2024-10-01 07:51:33.716 [main] INFO  o.a.c.core.ContainerBase.[Tomcat].[localhost].[/] - Initializing Spring embedded WebApplicationContext
2024-10-01 07:51:33.716 [main] INFO  o.s.b.w.s.c.ServletWebServerApplicationContext - Root WebApplicationContext: initialization completed in 1033 ms
2024-10-01 07:51:34.789 [main] INFO  org.apache.coyote.http11.Http11NioProtocol - Starting ProtocolHandler ["http-nio-8001"]
2024-10-01 07:51:34.802 [main] INFO  o.s.boot.web.embedded.tomcat.TomcatWebServer - Tomcat started on port 8001 (http) with context path ''
2024-10-01 07:51:34.808 [main] INFO  c.grainacademy.backend.eduservice.EduApplication - Started EduApplication in 2.622 seconds (process running for 3.17)
2024-10-01 07:53:03.696 [http-nio-8001-exec-1] INFO  o.a.c.core.ContainerBase.[Tomcat].[localhost].[/] - Initializing Spring DispatcherServlet 'dispatcherServlet'
2024-10-01 07:53:03.696 [http-nio-8001-exec-1] INFO  org.springframework.web.servlet.DispatcherServlet - Initializing Servlet 'dispatcherServlet'
2024-10-01 07:53:03.698 [http-nio-8001-exec-1] INFO  org.springframework.web.servlet.DispatcherServlet - Completed initialization in 1 ms
2024-10-01 07:53:07.003 [http-nio-8001-exec-5] INFO  com.zaxxer.hikari.HikariDataSource - HikariPool-1 - Starting...
2024-10-01 07:54:09.183 [http-nio-8001-exec-10] INFO  com.zaxxer.hikari.HikariDataSource - HikariPool-1 - Starting...
2024-10-01 07:54:10.445 [http-nio-8001-exec-10] INFO  com.zaxxer.hikari.pool.HikariPool - HikariPool-1 - Added connection com.mysql.cj.jdbc.ConnectionImpl@284624ae
2024-10-01 07:54:10.446 [http-nio-8001-exec-10] INFO  com.zaxxer.hikari.HikariDataSource - HikariPool-1 - Start completed.
2024-10-01 08:28:26.641 [SpringApplicationShutdownHook] INFO  com.zaxxer.hikari.HikariDataSource - HikariPool-1 - Shutdown initiated...
2024-10-01 08:28:26.680 [SpringApplicationShutdownHook] INFO  com.zaxxer.hikari.HikariDataSource - HikariPool-1 - Shutdown completed.
2024-10-01 19:37:08.597 [main] INFO  c.grainacademy.backend.eduservice.EduApplication - Starting EduApplication using Java 19.0.1 with PID 26804 (B:\Side Project\Grain-Academy\backend\services\service_edu\target\classes started by Zejia Cai in B:\Side Project\Grain-Academy\backend)
2024-10-01 19:37:08.600 [main] INFO  c.grainacademy.backend.eduservice.EduApplication - The following 1 profile is active: "dev"
2024-10-01 19:37:09.676 [main] INFO  o.s.boot.web.embedded.tomcat.TomcatWebServer - Tomcat initialized with port 8001 (http)
2024-10-01 19:37:09.684 [main] INFO  org.apache.coyote.http11.Http11NioProtocol - Initializing ProtocolHandler ["http-nio-8001"]
2024-10-01 19:37:09.687 [main] INFO  org.apache.catalina.core.StandardService - Starting service [Tomcat]
2024-10-01 19:37:09.688 [main] INFO  org.apache.catalina.core.StandardEngine - Starting Servlet engine: [Apache Tomcat/10.1.30]
2024-10-01 19:37:09.738 [main] INFO  o.a.c.core.ContainerBase.[Tomcat].[localhost].[/] - Initializing Spring embedded WebApplicationContext
2024-10-01 19:37:09.738 [main] INFO  o.s.b.w.s.c.ServletWebServerApplicationContext - Root WebApplicationContext: initialization completed in 1097 ms
2024-10-01 19:37:10.796 [main] INFO  org.apache.coyote.http11.Http11NioProtocol - Starting ProtocolHandler ["http-nio-8001"]
2024-10-01 19:37:10.810 [main] INFO  o.s.boot.web.embedded.tomcat.TomcatWebServer - Tomcat started on port 8001 (http) with context path ''
2024-10-01 19:37:10.818 [main] INFO  c.grainacademy.backend.eduservice.EduApplication - Started EduApplication in 2.739 seconds (process running for 6.436)
2024-10-01 19:38:51.972 [http-nio-8001-exec-1] INFO  o.a.c.core.ContainerBase.[Tomcat].[localhost].[/] - Initializing Spring DispatcherServlet 'dispatcherServlet'
2024-10-01 19:38:51.973 [http-nio-8001-exec-1] INFO  org.springframework.web.servlet.DispatcherServlet - Initializing Servlet 'dispatcherServlet'
2024-10-01 19:38:51.974 [http-nio-8001-exec-1] INFO  org.springframework.web.servlet.DispatcherServlet - Completed initialization in 1 ms
2024-10-01 19:38:54.929 [http-nio-8001-exec-6] INFO  com.zaxxer.hikari.HikariDataSource - HikariPool-1 - Starting...
2024-10-01 19:38:56.349 [http-nio-8001-exec-6] INFO  com.zaxxer.hikari.pool.HikariPool - HikariPool-1 - Added connection com.mysql.cj.jdbc.ConnectionImpl@6b9a2e3f
2024-10-01 19:38:56.351 [http-nio-8001-exec-6] INFO  com.zaxxer.hikari.HikariDataSource - HikariPool-1 - Start completed.
2024-10-01 23:53:40.436 [SpringApplicationShutdownHook] INFO  com.zaxxer.hikari.HikariDataSource - HikariPool-1 - Shutdown initiated...
2024-10-01 23:53:40.441 [SpringApplicationShutdownHook] INFO  com.zaxxer.hikari.HikariDataSource - HikariPool-1 - Shutdown completed.
2024-10-01 23:53:44.335 [main] INFO  c.grainacademy.backend.eduservice.EduApplication - Starting EduApplication using Java 19.0.1 with PID 30300 (B:\Side Project\Grain-Academy\backend\services\service_edu\target\classes started by Zejia Cai in B:\Side Project\Grain-Academy\backend)
2024-10-01 23:53:44.336 [main] INFO  c.grainacademy.backend.eduservice.EduApplication - The following 1 profile is active: "dev"
2024-10-01 23:53:45.118 [main] INFO  o.s.boot.web.embedded.tomcat.TomcatWebServer - Tomcat initialized with port 8001 (http)
2024-10-01 23:53:45.125 [main] INFO  org.apache.coyote.http11.Http11NioProtocol - Initializing ProtocolHandler ["http-nio-8001"]
2024-10-01 23:53:45.127 [main] INFO  org.apache.catalina.core.StandardService - Starting service [Tomcat]
2024-10-01 23:53:45.128 [main] INFO  org.apache.catalina.core.StandardEngine - Starting Servlet engine: [Apache Tomcat/10.1.30]
2024-10-01 23:53:45.167 [main] INFO  o.a.c.core.ContainerBase.[Tomcat].[localhost].[/] - Initializing Spring embedded WebApplicationContext
2024-10-01 23:53:45.167 [main] INFO  o.s.b.w.s.c.ServletWebServerApplicationContext - Root WebApplicationContext: initialization completed in 799 ms
2024-10-01 23:53:46.070 [main] INFO  org.apache.coyote.http11.Http11NioProtocol - Starting ProtocolHandler ["http-nio-8001"]
2024-10-01 23:53:46.081 [main] INFO  o.s.boot.web.embedded.tomcat.TomcatWebServer - Tomcat started on port 8001 (http) with context path ''
2024-10-01 23:53:46.088 [main] INFO  c.grainacademy.backend.eduservice.EduApplication - Started EduApplication in 2.096 seconds (process running for 2.475)
2024-10-01 23:53:57.060 [http-nio-8001-exec-1] INFO  o.a.c.core.ContainerBase.[Tomcat].[localhost].[/] - Initializing Spring DispatcherServlet 'dispatcherServlet'
2024-10-01 23:53:57.061 [http-nio-8001-exec-1] INFO  org.springframework.web.servlet.DispatcherServlet - Initializing Servlet 'dispatcherServlet'
2024-10-01 23:53:57.062 [http-nio-8001-exec-1] INFO  org.springframework.web.servlet.DispatcherServlet - Completed initialization in 1 ms
2024-10-01 23:53:57.196 [http-nio-8001-exec-3] INFO  com.zaxxer.hikari.HikariDataSource - HikariPool-1 - Starting...
2024-10-01 23:53:57.359 [http-nio-8001-exec-3] INFO  com.zaxxer.hikari.pool.HikariPool - HikariPool-1 - Added connection com.mysql.cj.jdbc.ConnectionImpl@224e9910
2024-10-01 23:53:57.361 [http-nio-8001-exec-3] INFO  com.zaxxer.hikari.HikariDataSource - HikariPool-1 - Start completed.
